0 info it worked if it ends with ok
1 verbose cli [ 'C:\\Program Files\\nodejs\\\\node.exe',
1 verbose cli   'C:\\Program Files\\nodejs\\node_modules\\npm\\bin\\npm-cli.js',
1 verbose cli   'start' ]
2 info using npm@2.9.1
3 info using node@v0.12.3
4 verbose node symlink C:\Program Files\nodejs\\node.exe
5 verbose run-script [ 'prestart', 'start', 'poststart' ]
6 info prestart portfolio_project_5_wiki_viewer@1.0.0
7 info start portfolio_project_5_wiki_viewer@1.0.0
8 verbose unsafe-perm in lifecycle true
9 info portfolio_project_5_wiki_viewer@1.0.0 Failed to exec start script
10 verbose stack Error: portfolio_project_5_wiki_viewer@1.0.0 start: `watchify src/main.jsx -v -t [ babelify --presets [ react, es2015 ]] -o public/js/main.js`
10 verbose stack Exit status 1
10 verbose stack     at EventEmitter.<anonymous> (C:\Program Files\nodejs\node_modules\npm\lib\utils\lifecycle.js:213:16)
10 verbose stack     at EventEmitter.emit (events.js:110:17)
10 verbose stack     at ChildProcess.<anonymous> (C:\Program Files\nodejs\node_modules\npm\lib\utils\spawn.js:24:14)
10 verbose stack     at ChildProcess.emit (events.js:110:17)
10 verbose stack     at maybeClose (child_process.js:1015:16)
10 verbose stack     at Process.ChildProcess._handle.onexit (child_process.js:1087:5)
11 verbose pkgid portfolio_project_5_wiki_viewer@1.0.0
12 verbose cwd D:\- middle-country\=progging\_my.portfolio\portfolio_project_5_wiki_viewer
13 error Windows_NT 6.3.9600
14 error argv "C:\\Program Files\\nodejs\\\\node.exe" "C:\\Program Files\\nodejs\\node_modules\\npm\\bin\\npm-cli.js" "start"
15 error node v0.12.3
16 error npm  v2.9.1
17 error code ELIFECYCLE
18 error portfolio_project_5_wiki_viewer@1.0.0 start: `watchify src/main.jsx -v -t [ babelify --presets [ react, es2015 ]] -o public/js/main.js`
18 error Exit status 1
19 error Failed at the portfolio_project_5_wiki_viewer@1.0.0 start script 'watchify src/main.jsx -v -t [ babelify --presets [ react, es2015 ]] -o public/js/main.js'.
19 error This is most likely a problem with the portfolio_project_5_wiki_viewer package,
19 error not with npm itself.
19 error Tell the author that this fails on your system:
19 error     watchify src/main.jsx -v -t [ babelify --presets [ react, es2015 ]] -o public/js/main.js
19 error You can get their info via:
19 error     npm owner ls portfolio_project_5_wiki_viewer
19 error There is likely additional logging output above.
20 verbose exit [ 1, true ]
